#! /c/Source/iverilog-install/bin/vvp
:ivl_version "12.0 (devel)" "(s20150603-1110-g18392a46)";
:ivl_delay_selection "TYPICAL";
:vpi_time_precision + 0;
:vpi_module "C:\iverilog\lib\ivl\system.vpi";
:vpi_module "C:\iverilog\lib\ivl\vhdl_sys.vpi";
:vpi_module "C:\iverilog\lib\ivl\vhdl_textio.vpi";
:vpi_module "C:\iverilog\lib\ivl\v2005_math.vpi";
:vpi_module "C:\iverilog\lib\ivl\va_math.vpi";
S_000001a7d4d02e30 .scope module, "E_MEM" "E_MEM" 2 3;
 .timescale 0 0;
    .port_info 0 /INPUT 1 "clk";
    .port_info 1 /INPUT 1 "rst";
    .port_info 2 /INPUT 9 "mem_address";
    .port_info 3 /OUTPUT 9 "data_out";
o000001a7d4d36fa8 .functor BUFZ 1, C4<z>; HiZ drive
v000001a7d4d033d0_0 .net "clk", 0 0, o000001a7d4d36fa8;  0 drivers
v000001a7d4d035f0_0 .var "data_out", 8 0;
v000001a7d4d02fc0 .array "e_mem", 262143 0, 8 0;
v000001a7d4d03060_0 .var/i "i", 31 0;
o000001a7d4d37038 .functor BUFZ 9, C4<zzzzzzzzz>; HiZ drive
v000001a7d4d03100_0 .net "mem_address", 8 0, o000001a7d4d37038;  0 drivers
o000001a7d4d37068 .functor BUFZ 1, C4<z>; HiZ drive
v000001a7d4c7b910_0 .net "rst", 0 0, o000001a7d4d37068;  0 drivers
E_000001a7d4c7c490 .event posedge, v000001a7d4d033d0_0;
    .scope S_000001a7d4d02e30;
T_0 ;
    %vpi_call 2 17 "$readmemh", "image_data.mem", v000001a7d4d02fc0 {0 0 0};
    %end;
    .thread T_0;
    .scope S_000001a7d4d02e30;
T_1 ;
    %wait E_000001a7d4c7c490;
    %load/vec4 v000001a7d4c7b910_0;
    %flag_set/vec4 8;
    %jmp/0xz  T_1.0, 8;
    %pushi/vec4 0, 0, 32;
    %store/vec4 v000001a7d4d03060_0, 0, 32;
T_1.2 ;
    %load/vec4 v000001a7d4d03060_0;
    %cmpi/s 262144, 0, 32;
    %jmp/0xz T_1.3, 5;
    %pushi/vec4 0, 0, 9;
    %ix/getv/s 3, v000001a7d4d03060_0;
    %ix/load 4, 0, 0; Constant delay
    %assign/vec4/a/d v000001a7d4d02fc0, 0, 4;
    %load/vec4 v000001a7d4d03060_0;
    %addi 1, 0, 32;
    %store/vec4 v000001a7d4d03060_0, 0, 32;
    %jmp T_1.2;
T_1.3 ;
    %pushi/vec4 0, 0, 9;
    %assign/vec4 v000001a7d4d035f0_0, 0;
    %jmp T_1.1;
T_1.0 ;
    %load/vec4 v000001a7d4d03100_0;
    %pad/u 20;
    %ix/vec4 4;
    %load/vec4a v000001a7d4d02fc0, 4;
    %assign/vec4 v000001a7d4d035f0_0, 0;
T_1.1 ;
    %jmp T_1;
    .thread T_1;
# The file index is used to find the file name in the following table.
:file_names 3;
    "N/A";
    "<interactive>";
    "E_MEM.v";
